20:22:25.000 [main] INFO  stepsDefinitions.loginSteps - Entering username.....
20:22:25.445 [main] INFO  stepsDefinitions.loginSteps - Entering password.....
20:22:25.518 [main] INFO  stepsDefinitions.loginSteps - Clicking the submit credential request button.....
20:22:26.564 [main] INFO  stepsDefinitions.loginSteps - Visiting the testing site.....
20:22:31.653 [main] INFO  stepsDefinitions.loginSteps - Maximize the browser windows.....
20:22:31.772 [main] INFO  stepsDefinitions.loginSteps - Entering username.....
20:22:31.889 [main] INFO  stepsDefinitions.loginSteps - Entering password.....
20:22:31.978 [main] INFO  stepsDefinitions.loginSteps - Clicking the submit credential request button.....
20:33:01.105 [main] INFO  stepsDefinitions.loginSteps - Visiting the testing site.....
20:33:04.477 [main] INFO  stepsDefinitions.loginSteps - Maximize the browser windows.....
20:33:11.706 [main] INFO  stepsDefinitions.loginSteps - Visiting the testing site.....
20:33:15.301 [main] INFO  stepsDefinitions.loginSteps - Maximize the browser windows.....
20:33:27.948 [main] INFO  stepsDefinitions.loginSteps - Visiting the testing site.....
20:33:32.151 [main] INFO  stepsDefinitions.loginSteps - Maximize the browser windows.....
20:33:37.717 [main] INFO  stepsDefinitions.loginSteps - Visiting the testing site.....
20:33:42.077 [main] INFO  stepsDefinitions.loginSteps - Maximize the browser windows.....
20:33:42.204 [main] INFO  stepsDefinitions.loginSteps - Entering username.....
20:33:42.313 [main] INFO  stepsDefinitions.loginSteps - Entering password.....
20:33:42.407 [main] INFO  stepsDefinitions.loginSteps - Clicking the submit credential request button.....
20:33:44.218 [main] INFO  stepsDefinitions.loginSteps - Checking and validating if the current url is the same.....
20:33:44.226 [main] INFO  stepsDefinitions.loginSteps - Checking and validating the text after successfully login.....
20:33:44.299 [main] INFO  stepsDefinitions.loginSteps - Checking if logout exists.....
20:33:44.349 [main] INFO  stepsDefinitions.loginSteps - Closing the browser.....
20:33:48.518 [main] INFO  stepsDefinitions.loginSteps - Visiting the testing site.....
20:33:53.389 [main] INFO  stepsDefinitions.loginSteps - Maximize the browser windows.....
20:33:53.507 [main] INFO  stepsDefinitions.loginSteps - Entering username.....
20:33:53.713 [main] INFO  stepsDefinitions.loginSteps - Entering password.....
20:33:53.862 [main] INFO  stepsDefinitions.loginSteps - Clicking the submit credential request button.....
20:33:57.548 [main] INFO  stepsDefinitions.loginSteps - Checking and validating if the current url is the same.....
20:33:57.567 [main] INFO  stepsDefinitions.loginSteps - Checking and validating the text after successfully login.....
20:33:57.652 [main] INFO  stepsDefinitions.loginSteps - Checking if logout exists.....
20:33:57.699 [main] INFO  stepsDefinitions.loginSteps - Closing the browser.....
20:34:05.877 [main] INFO  stepsDefinitions.loginSteps - Visiting the testing site.....
20:34:09.986 [main] INFO  stepsDefinitions.loginSteps - Maximize the browser windows.....
20:34:10.105 [main] INFO  stepsDefinitions.loginSteps - Entering username.....
20:34:10.320 [main] INFO  stepsDefinitions.loginSteps - Entering password.....
20:34:10.436 [main] INFO  stepsDefinitions.loginSteps - Clicking the submit credential request button.....
20:34:11.383 [main] INFO  stepsDefinitions.loginSteps - Visiting the testing site.....
20:34:16.712 [main] INFO  stepsDefinitions.loginSteps - Maximize the browser windows.....
20:34:16.824 [main] INFO  stepsDefinitions.loginSteps - Entering username.....
20:34:17.157 [main] INFO  stepsDefinitions.loginSteps - Entering password.....
20:34:17.296 [main] INFO  stepsDefinitions.loginSteps - Clicking the submit credential request button.....
20:37:28.942 [main] INFO  stepsDefinitions.loginSteps - Visiting the testing site.....
20:37:34.412 [main] INFO  stepsDefinitions.loginSteps - Maximize the browser windows.....
20:37:42.648 [main] INFO  stepsDefinitions.loginSteps - Visiting the testing site.....
20:37:46.509 [main] INFO  stepsDefinitions.loginSteps - Maximize the browser windows.....
20:37:50.538 [main] INFO  stepsDefinitions.loginSteps - Visiting the testing site.....
20:37:54.483 [main] INFO  stepsDefinitions.loginSteps - Maximize the browser windows.....
20:38:02.333 [main] INFO  stepsDefinitions.loginSteps - Visiting the testing site.....
20:38:10.361 [main] INFO  stepsDefinitions.loginSteps - Maximize the browser windows.....
20:38:10.479 [main] INFO  stepsDefinitions.loginSteps - Entering username.....
20:38:10.659 [main] INFO  stepsDefinitions.loginSteps - Entering password.....
20:38:10.800 [main] INFO  stepsDefinitions.loginSteps - Clicking the submit credential request button.....
20:38:14.757 [main] INFO  stepsDefinitions.loginSteps - Checking and validating if the current url is the same.....
20:38:14.798 [main] INFO  stepsDefinitions.loginSteps - Checking and validating the text after successfully login.....
20:38:14.922 [main] INFO  stepsDefinitions.loginSteps - Checking if logout exists.....
20:38:14.996 [main] INFO  stepsDefinitions.loginSteps - Closing the browser.....
20:38:16.650 [main] INFO  stepsDefinitions.loginSteps - Visiting the testing site.....
20:38:20.487 [main] INFO  stepsDefinitions.loginSteps - Maximize the browser windows.....
20:38:20.603 [main] INFO  stepsDefinitions.loginSteps - Entering username.....
20:38:20.736 [main] INFO  stepsDefinitions.loginSteps - Entering password.....
20:38:20.867 [main] INFO  stepsDefinitions.loginSteps - Clicking the submit credential request button.....
20:38:22.179 [main] INFO  stepsDefinitions.loginSteps - Checking and validating if the current url is the same.....
20:38:22.200 [main] INFO  stepsDefinitions.loginSteps - Checking and validating the text after successfully login.....
20:38:22.303 [main] INFO  stepsDefinitions.loginSteps - Checking if logout exists.....
20:38:22.362 [main] INFO  stepsDefinitions.loginSteps - Closing the browser.....
20:38:32.177 [main] INFO  stepsDefinitions.loginSteps - Visiting the testing site.....
20:38:37.801 [main] INFO  stepsDefinitions.loginSteps - Maximize the browser windows.....
20:38:37.969 [main] INFO  stepsDefinitions.loginSteps - Entering username.....
20:38:38.166 [main] INFO  stepsDefinitions.loginSteps - Entering password.....
20:38:38.298 [main] INFO  stepsDefinitions.loginSteps - Clicking the submit credential request button.....
20:38:41.364 [main] INFO  stepsDefinitions.loginSteps - Visiting the testing site.....
20:38:45.609 [main] INFO  stepsDefinitions.loginSteps - Maximize the browser windows.....
20:38:45.719 [main] INFO  stepsDefinitions.loginSteps - Entering username.....
20:38:45.828 [main] INFO  stepsDefinitions.loginSteps - Entering password.....
20:38:45.958 [main] INFO  stepsDefinitions.loginSteps - Clicking the submit credential request button.....
18:38:37.429 [main] INFO  stepsDefinitions.loginSteps - Visiting the testing site.....
18:38:43.367 [main] INFO  stepsDefinitions.loginSteps - Maximize the browser windows.....
18:39:07.838 [main] INFO  stepsDefinitions.loginSteps - Visiting the testing site.....
18:39:14.262 [main] INFO  stepsDefinitions.loginSteps - Maximize the browser windows.....
18:39:15.538 [main] INFO  stepsDefinitions.loginSteps - Visiting the testing site.....
18:39:19.561 [main] INFO  stepsDefinitions.loginSteps - Maximize the browser windows.....
18:39:20.916 [main] INFO  stepsDefinitions.loginSteps - Visiting the testing site.....
18:39:25.790 [main] INFO  stepsDefinitions.loginSteps - Maximize the browser windows.....
18:39:25.902 [main] INFO  stepsDefinitions.loginSteps - Entering username.....
18:39:26.000 [main] INFO  stepsDefinitions.loginSteps - Entering password.....
18:39:26.097 [main] INFO  stepsDefinitions.loginSteps - Clicking the submit credential request button.....
18:39:27.400 [main] INFO  stepsDefinitions.loginSteps - Checking and validating if the current url is the same.....
18:39:27.408 [main] INFO  stepsDefinitions.loginSteps - Checking and validating the text after successfully login.....
18:39:27.548 [main] INFO  stepsDefinitions.loginSteps - Checking if logout exists.....
18:39:27.584 [main] INFO  stepsDefinitions.loginSteps - Closing the browser.....
18:39:33.858 [main] INFO  stepsDefinitions.loginSteps - Visiting the testing site.....
18:39:37.880 [main] INFO  stepsDefinitions.loginSteps - Maximize the browser windows.....
18:39:37.990 [main] INFO  stepsDefinitions.loginSteps - Entering username.....
18:39:38.101 [main] INFO  stepsDefinitions.loginSteps - Entering password.....
18:39:38.185 [main] INFO  stepsDefinitions.loginSteps - Clicking the submit credential request button.....
18:39:39.398 [main] INFO  stepsDefinitions.loginSteps - Checking and validating if the current url is the same.....
18:39:39.423 [main] INFO  stepsDefinitions.loginSteps - Checking and validating the text after successfully login.....
18:39:39.486 [main] INFO  stepsDefinitions.loginSteps - Checking if logout exists.....
18:39:39.530 [main] INFO  stepsDefinitions.loginSteps - Closing the browser.....
18:39:49.846 [main] INFO  stepsDefinitions.loginSteps - Visiting the testing site.....
18:39:53.950 [main] INFO  stepsDefinitions.loginSteps - Maximize the browser windows.....
18:39:54.062 [main] INFO  stepsDefinitions.loginSteps - Entering username.....
18:39:54.198 [main] INFO  stepsDefinitions.loginSteps - Entering password.....
18:39:54.276 [main] INFO  stepsDefinitions.loginSteps - Clicking the submit credential request button.....
18:39:55.474 [main] INFO  stepsDefinitions.loginSteps - Visiting the testing site.....
18:39:59.256 [main] INFO  stepsDefinitions.loginSteps - Maximize the browser windows.....
18:39:59.372 [main] INFO  stepsDefinitions.loginSteps - Entering username.....
18:39:59.483 [main] INFO  stepsDefinitions.loginSteps - Entering password.....
18:39:59.575 [main] INFO  stepsDefinitions.loginSteps - Clicking the submit credential request button.....
18:46:40.686 [main] INFO  stepsDefinitions.loginSteps - Visiting the testing site.....
18:46:44.322 [main] INFO  stepsDefinitions.loginSteps - Maximize the browser windows.....
18:46:48.203 [main] INFO  stepsDefinitions.loginSteps - Visiting the testing site.....
18:46:51.954 [main] INFO  stepsDefinitions.loginSteps - Maximize the browser windows.....
18:46:58.803 [main] INFO  stepsDefinitions.loginSteps - Visiting the testing site.....
18:47:07.362 [main] INFO  stepsDefinitions.loginSteps - Maximize the browser windows.....
18:47:14.092 [main] INFO  stepsDefinitions.loginSteps - Visiting the testing site.....
18:47:18.579 [main] INFO  stepsDefinitions.loginSteps - Maximize the browser windows.....
18:47:18.699 [main] INFO  stepsDefinitions.loginSteps - Entering username.....
18:47:18.817 [main] INFO  stepsDefinitions.loginSteps - Entering password.....
18:47:18.904 [main] INFO  stepsDefinitions.loginSteps - Clicking the submit credential request button.....
18:47:20.022 [main] INFO  stepsDefinitions.loginSteps - Checking and validating if the current url is the same.....
18:47:20.037 [main] INFO  stepsDefinitions.loginSteps - Checking and validating the text after successfully login.....
18:47:20.089 [main] INFO  stepsDefinitions.loginSteps - Checking if logout exists.....
18:47:20.122 [main] INFO  stepsDefinitions.loginSteps - Closing the browser.....
18:47:25.892 [main] INFO  stepsDefinitions.loginSteps - Visiting the testing site.....
18:47:29.871 [main] INFO  stepsDefinitions.loginSteps - Maximize the browser windows.....
18:47:29.994 [main] INFO  stepsDefinitions.loginSteps - Entering username.....
18:47:30.111 [main] INFO  stepsDefinitions.loginSteps - Entering password.....
18:47:30.194 [main] INFO  stepsDefinitions.loginSteps - Clicking the submit credential request button.....
18:47:33.906 [main] INFO  stepsDefinitions.loginSteps - Checking and validating if the current url is the same.....
18:47:33.923 [main] INFO  stepsDefinitions.loginSteps - Checking and validating the text after successfully login.....
18:47:33.985 [main] INFO  stepsDefinitions.loginSteps - Checking if logout exists.....
18:47:34.020 [main] INFO  stepsDefinitions.loginSteps - Closing the browser.....
18:47:41.739 [main] INFO  stepsDefinitions.loginSteps - Visiting the testing site.....
18:47:46.363 [main] INFO  stepsDefinitions.loginSteps - Maximize the browser windows.....
18:47:46.473 [main] INFO  stepsDefinitions.loginSteps - Entering username.....
18:47:46.579 [main] INFO  stepsDefinitions.loginSteps - Entering password.....
18:47:46.667 [main] INFO  stepsDefinitions.loginSteps - Clicking the submit credential request button.....
18:47:47.565 [main] INFO  stepsDefinitions.loginSteps - Visiting the testing site.....
18:47:52.505 [main] INFO  stepsDefinitions.loginSteps - Maximize the browser windows.....
18:47:52.616 [main] INFO  stepsDefinitions.loginSteps - Entering username.....
18:47:52.712 [main] INFO  stepsDefinitions.loginSteps - Entering password.....
18:47:52.809 [main] INFO  stepsDefinitions.loginSteps - Clicking the submit credential request button.....
